[08-Dec-2015 14:53:30 Asia/Kolkata] PHP Notice:  Use of undefined constant SITE_REPRESENT_TITLE - assumed 'SITE_REPRESENT_TITLE' in /home/ftpappdemo/appdemo.co.in/webcms/themes/default/footer.php on line 3
[08-Dec-2015 14:53:37 Asia/Kolkata] PHP Notice:  Use of undefined constant SITE_REPRESENT_TITLE - assumed 'SITE_REPRESENT_TITLE' in /home/ftpappdemo/appdemo.co.in/webcms/themes/default/footer.php on line 3
[08-Dec-2015 14:53:43 Asia/Kolkata] PHP Notice:  Use of undefined constant SITE_REPRESENT_TITLE - assumed 'SITE_REPRESENT_TITLE' in /home/ftpappdemo/appdemo.co.in/webcms/themes/default/footer.php on line 3
[08-Dec-2015 14:54:01 Asia/Kolkata] PHP Notice:  Use of undefined constant SITE_REPRESENT_TITLE - assumed 'SITE_REPRESENT_TITLE' in /home/ftpappdemo/appdemo.co.in/webcms/themes/default/footer.php on line 3
[08-Dec-2015 15:54:12 Asia/Kolkata] PHP Notice:  Use of undefined constant SITE_REPRESENT_TITLE - assumed 'SITE_REPRESENT_TITLE' in /home/ftpappdemo/appdemo.co.in/webcms/themes/default/footer.php on line 3
[08-Dec-2015 15:54:23 Asia/Kolkata] PHP Notice:  Use of undefined constant SITE_REPRESENT_TITLE - assumed 'SITE_REPRESENT_TITLE' in /home/ftpappdemo/appdemo.co.in/webcms/themes/default/footer.php on line 3
[08-Dec-2015 15:54:35 Asia/Kolkata] PHP Notice:  Use of undefined constant SITE_REPRESENT_TITLE - assumed 'SITE_REPRESENT_TITLE' in /home/ftpappdemo/appdemo.co.in/webcms/themes/default/footer.php on line 3
[08-Dec-2015 15:58:02 Asia/Kolkata] PHP Notice:  Use of undefined constant SITE_REPRESENT_TITLE - assumed 'SITE_REPRESENT_TITLE' in /home/ftpappdemo/appdemo.co.in/webcms/themes/default/footer.php on line 3
[08-Dec-2015 15:58:05 Asia/Kolkata] PHP Notice:  Use of undefined constant SITE_REPRESENT_TITLE - assumed 'SITE_REPRESENT_TITLE' in /home/ftpappdemo/appdemo.co.in/webcms/themes/default/footer.php on line 3
[08-Dec-2015 15:58:23 Asia/Kolkata] PHP Notice:  Use of undefined constant SITE_REPRESENT_TITLE - assumed 'SITE_REPRESENT_TITLE' in /home/ftpappdemo/appdemo.co.in/webcms/themes/default/footer.php on line 3
[08-Dec-2015 16:00:05 Asia/Kolkata] PHP Notice:  Use of undefined constant SITE_REPRESENT_TITLE - assumed 'SITE_REPRESENT_TITLE' in /home/ftpappdemo/appdemo.co.in/webcms/themes/default/footer.php on line 3
[08-Dec-2015 16:00:51 Asia/Kolkata] PHP Notice:  Use of undefined constant SITE_REPRESENT_TITLE - assumed 'SITE_REPRESENT_TITLE' in /home/ftpappdemo/appdemo.co.in/webcms/themes/default/footer.php on line 3
[08-Dec-2015 16:40:49 Asia/Kolkata] PHP Notice:  Use of undefined constant SITE_REPRESENT_TITLE - assumed 'SITE_REPRESENT_TITLE' in /home/ftpappdemo/appdemo.co.in/webcms/themes/default/footer.php on line 3
[08-Dec-2015 16:41:14 Asia/Kolkata] PHP Notice:  Use of undefined constant SITE_REPRESENT_TITLE - assumed 'SITE_REPRESENT_TITLE' in /home/ftpappdemo/appdemo.co.in/webcms/themes/default/footer.php on line 3
[08-Dec-2015 16:41:33 Asia/Kolkata] PHP Notice:  Use of undefined constant SITE_REPRESENT_TITLE - assumed 'SITE_REPRESENT_TITLE' in /home/ftpappdemo/appdemo.co.in/webcms/themes/default/footer.php on line 3
[08-Dec-2015 16:41:48 Asia/Kolkata] PHP Notice:  Use of undefined constant SITE_REPRESENT_TITLE - assumed 'SITE_REPRESENT_TITLE' in /home/ftpappdemo/appdemo.co.in/webcms/themes/default/footer.php on line 3
[08-Dec-2015 16:45:33 Asia/Kolkata] PHP Notice:  Use of undefined constant SITE_REPRESENT_TITLE - assumed 'SITE_REPRESENT_TITLE' in /home/ftpappdemo/appdemo.co.in/webcms/themes/default/footer.php on line 3
[08-Dec-2015 16:45:52 Asia/Kolkata] PHP Notice:  Use of undefined constant SITE_REPRESENT_TITLE - assumed 'SITE_REPRESENT_TITLE' in /home/ftpappdemo/appdemo.co.in/webcms/themes/default/footer.php on line 3
[08-Dec-2015 16:48:50 Asia/Kolkata] PHP Notice:  Use of undefined constant SITE_REPRESENT_TITLE - assumed 'SITE_REPRESENT_TITLE' in /home/ftpappdemo/appdemo.co.in/webcms/themes/default/footer.php on line 3
[08-Dec-2015 17:00:37 Asia/Kolkata] PHP Notice:  Use of undefined constant SITE_REPRESENT_TITLE - assumed 'SITE_REPRESENT_TITLE' in /home/ftpappdemo/appdemo.co.in/webcms/themes/default/footer.php on line 3
[08-Dec-2015 17:02:26 Asia/Kolkata] PHP Notice:  Use of undefined constant SITE_REPRESENT_TITLE - assumed 'SITE_REPRESENT_TITLE' in /home/ftpappdemo/appdemo.co.in/webcms/themes/default/footer.php on line 3
[08-Dec-2015 17:02:39 Asia/Kolkata] PHP Notice:  Use of undefined constant SITE_REPRESENT_TITLE - assumed 'SITE_REPRESENT_TITLE' in /home/ftpappdemo/appdemo.co.in/webcms/themes/default/footer.php on line 3
[08-Dec-2015 17:03:34 Asia/Kolkata] PHP Notice:  Use of undefined constant SITE_REPRESENT_TITLE - assumed 'SITE_REPRESENT_TITLE' in /home/ftpappdemo/appdemo.co.in/webcms/themes/default/footer.php on line 3
[08-Dec-2015 17:03:41 Asia/Kolkata] PHP Notice:  Use of undefined constant SITE_REPRESENT_TITLE - assumed 'SITE_REPRESENT_TITLE' in /home/ftpappdemo/appdemo.co.in/webcms/themes/default/footer.php on line 3
[08-Dec-2015 17:03:45 Asia/Kolkata] PHP Notice:  Use of undefined constant SITE_REPRESENT_TITLE - assumed 'SITE_REPRESENT_TITLE' in /home/ftpappdemo/appdemo.co.in/webcms/themes/default/footer.php on line 3
[08-Dec-2015 17:03:50 Asia/Kolkata] PHP Notice:  Use of undefined constant SITE_REPRESENT_TITLE - assumed 'SITE_REPRESENT_TITLE' in /home/ftpappdemo/appdemo.co.in/webcms/themes/default/footer.php on line 3
[08-Dec-2015 17:03:53 Asia/Kolkata] PHP Notice:  Use of undefined constant SITE_REPRESENT_TITLE - assumed 'SITE_REPRESENT_TITLE' in /home/ftpappdemo/appdemo.co.in/webcms/themes/default/footer.php on line 3
[08-Dec-2015 17:04:00 Asia/Kolkata] PHP Notice:  Use of undefined constant SITE_REPRESENT_TITLE - assumed 'SITE_REPRESENT_TITLE' in /home/ftpappdemo/appdemo.co.in/webcms/themes/default/footer.php on line 3
[08-Dec-2015 17:04:07 Asia/Kolkata] PHP Notice:  Use of undefined constant SITE_REPRESENT_TITLE - assumed 'SITE_REPRESENT_TITLE' in /home/ftpappdemo/appdemo.co.in/webcms/themes/default/footer.php on line 3
[08-Dec-2015 17:05:03 Asia/Kolkata] PHP Notice:  Undefined variable: pageDetail in /home/ftpappdemo/appdemo.co.in/webcms/modules/page/theme/default/add.php on line 55
[08-Dec-2015 17:05:03 Asia/Kolkata] PHP Notice:  Use of undefined constant SITE_REPRESENT_TITLE - assumed 'SITE_REPRESENT_TITLE' in /home/ftpappdemo/appdemo.co.in/webcms/themes/default/footer.php on line 3
[08-Dec-2015 17:05:21 Asia/Kolkata] PHP Notice:  Use of undefined constant SITE_REPRESENT_TITLE - assumed 'SITE_REPRESENT_TITLE' in /home/ftpappdemo/appdemo.co.in/webcms/themes/default/footer.php on line 3
[08-Dec-2015 17:05:59 Asia/Kolkata] PHP Notice:  Undefined variable: pageDetail in /home/ftpappdemo/appdemo.co.in/webcms/modules/page/theme/default/add.php on line 55
[08-Dec-2015 17:05:59 Asia/Kolkata] PHP Notice:  Use of undefined constant SITE_REPRESENT_TITLE - assumed 'SITE_REPRESENT_TITLE' in /home/ftpappdemo/appdemo.co.in/webcms/themes/default/footer.php on line 3
[08-Dec-2015 17:06:19 Asia/Kolkata] PHP Notice:  Use of undefined constant SITE_REPRESENT_TITLE - assumed 'SITE_REPRESENT_TITLE' in /home/ftpappdemo/appdemo.co.in/webcms/themes/default/footer.php on line 3
[08-Dec-2015 17:06:27 Asia/Kolkata] PHP Notice:  Use of undefined constant SITE_REPRESENT_TITLE - assumed 'SITE_REPRESENT_TITLE' in /home/ftpappdemo/appdemo.co.in/webcms/themes/default/footer.php on line 3
[08-Dec-2015 17:14:37 Asia/Kolkata] PHP Notice:  Use of undefined constant SITE_REPRESENT_TITLE - assumed 'SITE_REPRESENT_TITLE' in /home/ftpappdemo/appdemo.co.in/webcms/themes/default/footer.php on line 3
[08-Dec-2015 17:14:42 Asia/Kolkata] PHP Notice:  Use of undefined constant SITE_REPRESENT_TITLE - assumed 'SITE_REPRESENT_TITLE' in /home/ftpappdemo/appdemo.co.in/webcms/themes/default/footer.php on line 3
[08-Dec-2015 17:19:22 Asia/Kolkata] PHP Notice:  Undefined variable: pageDetail in /home/ftpappdemo/appdemo.co.in/webcms/modules/page/theme/default/add.php on line 55
[08-Dec-2015 17:19:22 Asia/Kolkata] PHP Notice:  Use of undefined constant SITE_REPRESENT_TITLE - assumed 'SITE_REPRESENT_TITLE' in /home/ftpappdemo/appdemo.co.in/webcms/themes/default/footer.php on line 3
[08-Dec-2015 17:19:29 Asia/Kolkata] PHP Notice:  Use of undefined constant SITE_REPRESENT_TITLE - assumed 'SITE_REPRESENT_TITLE' in /home/ftpappdemo/appdemo.co.in/webcms/themes/default/footer.php on line 3
[08-Dec-2015 17:19:40 Asia/Kolkata] PHP Notice:  Use of undefined constant SITE_REPRESENT_TITLE - assumed 'SITE_REPRESENT_TITLE' in /home/ftpappdemo/appdemo.co.in/webcms/themes/default/footer.php on line 3
[08-Dec-2015 17:20:00 Asia/Kolkata] PHP Notice:  Use of undefined constant SITE_REPRESENT_TITLE - assumed 'SITE_REPRESENT_TITLE' in /home/ftpappdemo/appdemo.co.in/webcms/themes/default/footer.php on line 3
[08-Dec-2015 17:21:13 Asia/Kolkata] PHP Notice:  Undefined variable: pageDetail in /home/ftpappdemo/appdemo.co.in/webcms/modules/page/theme/default/add.php on line 55
[08-Dec-2015 17:21:13 Asia/Kolkata] PHP Notice:  Use of undefined constant SITE_REPRESENT_TITLE - assumed 'SITE_REPRESENT_TITLE' in /home/ftpappdemo/appdemo.co.in/webcms/themes/default/footer.php on line 3
[08-Dec-2015 17:22:14 Asia/Kolkata] PHP Notice:  Use of undefined constant SITE_REPRESENT_TITLE - assumed 'SITE_REPRESENT_TITLE' in /home/ftpappdemo/appdemo.co.in/webcms/themes/default/footer.php on line 3
[08-Dec-2015 17:22:59 Asia/Kolkata] PHP Notice:  Undefined variable: pageDetail in /home/ftpappdemo/appdemo.co.in/webcms/modules/page/theme/default/add.php on line 55
[08-Dec-2015 17:22:59 Asia/Kolkata] PHP Notice:  Use of undefined constant SITE_REPRESENT_TITLE - assumed 'SITE_REPRESENT_TITLE' in /home/ftpappdemo/appdemo.co.in/webcms/themes/default/footer.php on line 3
[08-Dec-2015 17:23:23 Asia/Kolkata] PHP Notice:  Use of undefined constant SITE_REPRESENT_TITLE - assumed 'SITE_REPRESENT_TITLE' in /home/ftpappdemo/appdemo.co.in/webcms/themes/default/footer.php on line 3
[08-Dec-2015 17:24:53 Asia/Kolkata] PHP Notice:  Undefined variable: pageDetail in /home/ftpappdemo/appdemo.co.in/webcms/modules/page/theme/default/add.php on line 55
[08-Dec-2015 17:24:53 Asia/Kolkata] PHP Notice:  Use of undefined constant SITE_REPRESENT_TITLE - assumed 'SITE_REPRESENT_TITLE' in /home/ftpappdemo/appdemo.co.in/webcms/themes/default/footer.php on line 3
[08-Dec-2015 17:24:59 Asia/Kolkata] PHP Notice:  Use of undefined constant SITE_REPRESENT_TITLE - assumed 'SITE_REPRESENT_TITLE' in /home/ftpappdemo/appdemo.co.in/webcms/themes/default/footer.php on line 3
[08-Dec-2015 17:25:03 Asia/Kolkata] PHP Notice:  Use of undefined constant SITE_REPRESENT_TITLE - assumed 'SITE_REPRESENT_TITLE' in /home/ftpappdemo/appdemo.co.in/webcms/themes/default/footer.php on line 3
[08-Dec-2015 17:25:12 Asia/Kolkata] PHP Notice:  Use of undefined constant SITE_REPRESENT_TITLE - assumed 'SITE_REPRESENT_TITLE' in /home/ftpappdemo/appdemo.co.in/webcms/themes/default/footer.php on line 3
[08-Dec-2015 17:25:17 Asia/Kolkata] PHP Notice:  Use of undefined constant SITE_REPRESENT_TITLE - assumed 'SITE_REPRESENT_TITLE' in /home/ftpappdemo/appdemo.co.in/webcms/themes/default/footer.php on line 3
[10-Dec-2015 11:26:50 Asia/Kolkata] PHP Fatal error:  Call to a member function fetchAll() on a non-object in /home/ftpappdemo/appdemo.co.in/webcms/lib/classes/pdo.class.php on line 301
[10-Dec-2015 11:27:27 Asia/Kolkata] PHP Fatal error:  Call to a member function fetchAll() on a non-object in /home/ftpappdemo/appdemo.co.in/webcms/lib/classes/pdo.class.php on line 301
[10-Dec-2015 11:46:50 Asia/Kolkata] PHP Notice:  Undefined variable: page_obj in /home/ftpappdemo/appdemo.co.in/webcms/themes/front/header.php on line 30
[10-Dec-2015 11:46:50 Asia/Kolkata] PHP Fatal error:  Call to a member function getAllLinksByNavigation() on a non-object in /home/ftpappdemo/appdemo.co.in/webcms/themes/front/header.php on line 30
[10-Dec-2015 13:32:14 Asia/Kolkata] PHP Notice:  Undefined variable: page_obj in /home/ftpappdemo/appdemo.co.in/webcms/themes/front/header.php on line 30
[10-Dec-2015 13:32:14 Asia/Kolkata] PHP Fatal error:  Call to a member function getAllLinksByNavigation() on a non-object in /home/ftpappdemo/appdemo.co.in/webcms/themes/front/header.php on line 30
[10-Dec-2015 13:32:15 Asia/Kolkata] PHP Notice:  Undefined variable: page_obj in /home/ftpappdemo/appdemo.co.in/webcms/themes/front/header.php on line 30
[10-Dec-2015 13:32:15 Asia/Kolkata] PHP Fatal error:  Call to a member function getAllLinksByNavigation() on a non-object in /home/ftpappdemo/appdemo.co.in/webcms/themes/front/header.php on line 30
[11-Dec-2015 15:31:55 Asia/Kolkata] PHP Notice:  Undefined variable: page_obj in /home/ftpappdemo/appdemo.co.in/webcms/themes/front/header.php on line 30
[11-Dec-2015 15:31:55 Asia/Kolkata] PHP Fatal error:  Call to a member function getAllLinksByNavigation() on a non-object in /home/ftpappdemo/appdemo.co.in/webcms/themes/front/header.php on line 30
[11-Dec-2015 15:32:49 Asia/Kolkata] PHP Notice:  Undefined variable: page_obj in /home/ftpappdemo/appdemo.co.in/webcms/themes/front/header.php on line 30
[11-Dec-2015 15:32:49 Asia/Kolkata] PHP Fatal error:  Call to a member function getAllLinksByNavigation() on a non-object in /home/ftpappdemo/appdemo.co.in/webcms/themes/front/header.php on line 30
[11-Dec-2015 15:33:47 Asia/Kolkata] PHP Notice:  Undefined variable: page_obj in /home/ftpappdemo/appdemo.co.in/webcms/themes/front/header.php on line 30
[11-Dec-2015 15:33:47 Asia/Kolkata] PHP Fatal error:  Call to a member function getAllLinksByNavigation() on a non-object in /home/ftpappdemo/appdemo.co.in/webcms/themes/front/header.php on line 30
[11-Dec-2015 15:34:17 Asia/Kolkata] PHP Notice:  Undefined variable: page_obj in /home/ftpappdemo/appdemo.co.in/webcms/themes/front/header.php on line 30
[11-Dec-2015 15:34:17 Asia/Kolkata] PHP Fatal error:  Call to a member function getAllLinksByNavigation() on a non-object in /home/ftpappdemo/appdemo.co.in/webcms/themes/front/header.php on line 30
[11-Dec-2015 16:51:37 Asia/Kolkata] PHP Notice:  Undefined variable: page_obj in /home/ftpappdemo/appdemo.co.in/webcms/themes/front/header.php on line 30
[11-Dec-2015 16:51:37 Asia/Kolkata] PHP Fatal error:  Call to a member function getAllLinksByNavigation() on a non-object in /home/ftpappdemo/appdemo.co.in/webcms/themes/front/header.php on line 30
[11-Dec-2015 19:25:21 Asia/Kolkata] PHP Notice:  Undefined variable: page_obj in /home/ftpappdemo/appdemo.co.in/webcms/themes/front/header.php on line 30
[11-Dec-2015 19:25:21 Asia/Kolkata] PHP Fatal error:  Call to a member function getAllLinksByNavigation() on a non-object in /home/ftpappdemo/appdemo.co.in/webcms/themes/front/header.php on line 30
[11-Dec-2015 19:31:13 Asia/Kolkata] PHP Notice:  Undefined variable: page_obj in /home/ftpappdemo/appdemo.co.in/webcms/themes/front/header.php on line 30
[11-Dec-2015 19:31:13 Asia/Kolkata] PHP Fatal error:  Call to a member function getAllLinksByNavigation() on a non-object in /home/ftpappdemo/appdemo.co.in/webcms/themes/front/header.php on line 30
[12-Dec-2015 15:46:11 Asia/Kolkata] PHP Notice:  Undefined variable: edata in /home/ftpappdemo/appdemo.co.in/webcms/modules/page/actions/do-manager.php on line 52
[12-Dec-2015 15:46:11 Asia/Kolkata] PHP Notice:  Use of undefined constant MAIL_NAME - assumed 'MAIL_NAME' in /home/ftpappdemo/appdemo.co.in/webcms/lib/classes/emailer.class.php on line 30
[12-Dec-2015 15:46:11 Asia/Kolkata] PHP Notice:  Undefined variable: updated in /home/ftpappdemo/appdemo.co.in/webcms/lib/classes/emailer.class.php on line 33
[12-Dec-2015 15:46:11 Asia/Kolkata] PHP Deprecated:  preg_replace(): The /e modifier is deprecated, use preg_replace_callback instead in /home/ftpappdemo/appdemo.co.in/webcms/lib/classes/class.html2text.php on line 424
[12-Dec-2015 15:46:11 Asia/Kolkata] PHP Deprecated:  preg_replace(): The /e modifier is deprecated, use preg_replace_callback instead in /home/ftpappdemo/appdemo.co.in/webcms/lib/classes/class.html2text.php on line 424
[12-Dec-2015 15:46:11 Asia/Kolkata] PHP Deprecated:  preg_replace(): The /e modifier is deprecated, use preg_replace_callback instead in /home/ftpappdemo/appdemo.co.in/webcms/lib/classes/class.html2text.php on line 424
[12-Dec-2015 15:46:11 Asia/Kolkata] PHP Deprecated:  preg_replace(): The /e modifier is deprecated, use preg_replace_callback instead in /home/ftpappdemo/appdemo.co.in/webcms/lib/classes/class.html2text.php on line 424
[12-Dec-2015 15:46:11 Asia/Kolkata] PHP Deprecated:  preg_replace(): The /e modifier is deprecated, use preg_replace_callback instead in /home/ftpappdemo/appdemo.co.in/webcms/lib/classes/class.html2text.php on line 424
[12-Dec-2015 15:46:11 Asia/Kolkata] PHP Deprecated:  preg_replace(): The /e modifier is deprecated, use preg_replace_callback instead in /home/ftpappdemo/appdemo.co.in/webcms/lib/classes/class.html2text.php on line 424
[12-Dec-2015 15:46:11 Asia/Kolkata] PHP Notice:  Undefined variable: updated in /home/ftpappdemo/appdemo.co.in/webcms/lib/classes/emailer.class.php on line 38
[12-Dec-2015 15:46:11 Asia/Kolkata] PHP Warning:  Cannot modify header information - headers already sent by (output started at /home/ftpappdemo/appdemo.co.in/webcms/lib/phpmailer/class.phpmailer.php:464) in /home/ftpappdemo/appdemo.co.in/webcms/lib/functions.php on line 554
[12-Dec-2015 15:47:07 Asia/Kolkata] PHP Notice:  Undefined variable: edata in /home/ftpappdemo/appdemo.co.in/webcms/modules/page/actions/do-manager.php on line 52
[12-Dec-2015 15:47:07 Asia/Kolkata] PHP Notice:  Use of undefined constant MAIL_NAME - assumed 'MAIL_NAME' in /home/ftpappdemo/appdemo.co.in/webcms/lib/classes/emailer.class.php on line 30
[12-Dec-2015 15:47:07 Asia/Kolkata] PHP Notice:  Undefined variable: updated in /home/ftpappdemo/appdemo.co.in/webcms/lib/classes/emailer.class.php on line 33
[12-Dec-2015 15:47:07 Asia/Kolkata] PHP Deprecated:  preg_replace(): The /e modifier is deprecated, use preg_replace_callback instead in /home/ftpappdemo/appdemo.co.in/webcms/lib/classes/class.html2text.php on line 424
[12-Dec-2015 15:47:07 Asia/Kolkata] PHP Deprecated:  preg_replace(): The /e modifier is deprecated, use preg_replace_callback instead in /home/ftpappdemo/appdemo.co.in/webcms/lib/classes/class.html2text.php on line 424
[12-Dec-2015 15:47:07 Asia/Kolkata] PHP Deprecated:  preg_replace(): The /e modifier is deprecated, use preg_replace_callback instead in /home/ftpappdemo/appdemo.co.in/webcms/lib/classes/class.html2text.php on line 424
[12-Dec-2015 15:47:07 Asia/Kolkata] PHP Deprecated:  preg_replace(): The /e modifier is deprecated, use preg_replace_callback instead in /home/ftpappdemo/appdemo.co.in/webcms/lib/classes/class.html2text.php on line 424
[12-Dec-2015 15:47:07 Asia/Kolkata] PHP Deprecated:  preg_replace(): The /e modifier is deprecated, use preg_replace_callback instead in /home/ftpappdemo/appdemo.co.in/webcms/lib/classes/class.html2text.php on line 424
[12-Dec-2015 15:47:07 Asia/Kolkata] PHP Deprecated:  preg_replace(): The /e modifier is deprecated, use preg_replace_callback instead in /home/ftpappdemo/appdemo.co.in/webcms/lib/classes/class.html2text.php on line 424
[12-Dec-2015 15:47:07 Asia/Kolkata] PHP Notice:  Undefined variable: updated in /home/ftpappdemo/appdemo.co.in/webcms/lib/classes/emailer.class.php on line 38
[12-Dec-2015 15:47:07 Asia/Kolkata] PHP Warning:  Cannot modify header information - headers already sent by (output started at /home/ftpappdemo/appdemo.co.in/webcms/lib/phpmailer/class.phpmailer.php:464) in /home/ftpappdemo/appdemo.co.in/webcms/lib/functions.php on line 554
[12-Dec-2015 15:47:53 Asia/Kolkata] PHP Notice:  Undefined variable: edata in /home/ftpappdemo/appdemo.co.in/webcms/modules/page/actions/do-manager.php on line 52
[12-Dec-2015 15:47:53 Asia/Kolkata] PHP Notice:  Use of undefined constant MAIL_NAME - assumed 'MAIL_NAME' in /home/ftpappdemo/appdemo.co.in/webcms/lib/classes/emailer.class.php on line 30
[12-Dec-2015 15:47:53 Asia/Kolkata] PHP Notice:  Undefined variable: updated in /home/ftpappdemo/appdemo.co.in/webcms/lib/classes/emailer.class.php on line 33
[12-Dec-2015 15:47:53 Asia/Kolkata] PHP Deprecated:  preg_replace(): The /e modifier is deprecated, use preg_replace_callback instead in /home/ftpappdemo/appdemo.co.in/webcms/lib/classes/class.html2text.php on line 424
[12-Dec-2015 15:47:53 Asia/Kolkata] PHP Deprecated:  preg_replace(): The /e modifier is deprecated, use preg_replace_callback instead in /home/ftpappdemo/appdemo.co.in/webcms/lib/classes/class.html2text.php on line 424
[12-Dec-2015 15:47:53 Asia/Kolkata] PHP Deprecated:  preg_replace(): The /e modifier is deprecated, use preg_replace_callback instead in /home/ftpappdemo/appdemo.co.in/webcms/lib/classes/class.html2text.php on line 424
[12-Dec-2015 15:47:53 Asia/Kolkata] PHP Deprecated:  preg_replace(): The /e modifier is deprecated, use preg_replace_callback instead in /home/ftpappdemo/appdemo.co.in/webcms/lib/classes/class.html2text.php on line 424
[12-Dec-2015 15:47:53 Asia/Kolkata] PHP Deprecated:  preg_replace(): The /e modifier is deprecated, use preg_replace_callback instead in /home/ftpappdemo/appdemo.co.in/webcms/lib/classes/class.html2text.php on line 424
[12-Dec-2015 15:47:53 Asia/Kolkata] PHP Deprecated:  preg_replace(): The /e modifier is deprecated, use preg_replace_callback instead in /home/ftpappdemo/appdemo.co.in/webcms/lib/classes/class.html2text.php on line 424
[12-Dec-2015 15:47:53 Asia/Kolkata] PHP Notice:  Undefined variable: updated in /home/ftpappdemo/appdemo.co.in/webcms/lib/classes/emailer.class.php on line 38
[12-Dec-2015 15:47:53 Asia/Kolkata] PHP Warning:  Cannot modify header information - headers already sent by (output started at /home/ftpappdemo/appdemo.co.in/webcms/lib/phpmailer/class.phpmailer.php:464) in /home/ftpappdemo/appdemo.co.in/webcms/lib/functions.php on line 554
[12-Dec-2015 15:52:19 Asia/Kolkata] PHP Notice:  Undefined variable: edata in /home/ftpappdemo/appdemo.co.in/webcms/modules/page/actions/do-manager.php on line 55
[12-Dec-2015 15:52:19 Asia/Kolkata] PHP Notice:  Undefined variable: updated in /home/ftpappdemo/appdemo.co.in/webcms/lib/classes/emailer.class.php on line 33
[12-Dec-2015 15:52:19 Asia/Kolkata] PHP Deprecated:  preg_replace(): The /e modifier is deprecated, use preg_replace_callback instead in /home/ftpappdemo/appdemo.co.in/webcms/lib/classes/class.html2text.php on line 424
[12-Dec-2015 15:52:19 Asia/Kolkata] PHP Deprecated:  preg_replace(): The /e modifier is deprecated, use preg_replace_callback instead in /home/ftpappdemo/appdemo.co.in/webcms/lib/classes/class.html2text.php on line 424
[12-Dec-2015 15:52:19 Asia/Kolkata] PHP Deprecated:  preg_replace(): The /e modifier is deprecated, use preg_replace_callback instead in /home/ftpappdemo/appdemo.co.in/webcms/lib/classes/class.html2text.php on line 424
[12-Dec-2015 15:52:19 Asia/Kolkata] PHP Deprecated:  preg_replace(): The /e modifier is deprecated, use preg_replace_callback instead in /home/ftpappdemo/appdemo.co.in/webcms/lib/classes/class.html2text.php on line 424
[12-Dec-2015 15:52:19 Asia/Kolkata] PHP Deprecated:  preg_replace(): The /e modifier is deprecated, use preg_replace_callback instead in /home/ftpappdemo/appdemo.co.in/webcms/lib/classes/class.html2text.php on line 424
[12-Dec-2015 15:52:19 Asia/Kolkata] PHP Deprecated:  preg_replace(): The /e modifier is deprecated, use preg_replace_callback instead in /home/ftpappdemo/appdemo.co.in/webcms/lib/classes/class.html2text.php on line 424
[12-Dec-2015 15:52:19 Asia/Kolkata] PHP Notice:  Undefined variable: updated in /home/ftpappdemo/appdemo.co.in/webcms/lib/classes/emailer.class.php on line 38
[12-Dec-2015 15:52:19 Asia/Kolkata] PHP Warning:  Cannot modify header information - headers already sent by (output started at /home/ftpappdemo/appdemo.co.in/webcms/lib/phpmailer/class.phpmailer.php:464) in /home/ftpappdemo/appdemo.co.in/webcms/lib/functions.php on line 554
[12-Dec-2015 15:55:34 Asia/Kolkata] PHP Notice:  Undefined variable: edata in /home/ftpappdemo/appdemo.co.in/webcms/modules/page/actions/do-manager.php on line 55
[12-Dec-2015 15:55:34 Asia/Kolkata] PHP Warning:  file_get_contents(templates/contact): failed to open stream: No such file or directory in /home/ftpappdemo/appdemo.co.in/webcms/lib/classes/emailer.class.php on line 12
[12-Dec-2015 15:56:12 Asia/Kolkata] PHP Warning:  file_get_contents(templates/contact): failed to open stream: No such file or directory in /home/ftpappdemo/appdemo.co.in/webcms/lib/classes/emailer.class.php on line 12
[12-Dec-2015 15:57:05 Asia/Kolkata] PHP Deprecated:  preg_replace(): The /e modifier is deprecated, use preg_replace_callback instead in /home/ftpappdemo/appdemo.co.in/webcms/lib/classes/class.html2text.php on line 424
[12-Dec-2015 15:57:05 Asia/Kolkata] PHP Deprecated:  preg_replace(): The /e modifier is deprecated, use preg_replace_callback instead in /home/ftpappdemo/appdemo.co.in/webcms/lib/classes/class.html2text.php on line 424
[12-Dec-2015 15:57:05 Asia/Kolkata] PHP Deprecated:  preg_replace(): The /e modifier is deprecated, use preg_replace_callback instead in /home/ftpappdemo/appdemo.co.in/webcms/lib/classes/class.html2text.php on line 424
[12-Dec-2015 15:57:05 Asia/Kolkata] PHP Deprecated:  preg_replace(): The /e modifier is deprecated, use preg_replace_callback instead in /home/ftpappdemo/appdemo.co.in/webcms/lib/classes/class.html2text.php on line 424
[12-Dec-2015 15:57:05 Asia/Kolkata] PHP Deprecated:  preg_replace(): The /e modifier is deprecated, use preg_replace_callback instead in /home/ftpappdemo/appdemo.co.in/webcms/lib/classes/class.html2text.php on line 424
[12-Dec-2015 15:57:05 Asia/Kolkata] PHP Deprecated:  preg_replace(): The /e modifier is deprecated, use preg_replace_callback instead in /home/ftpappdemo/appdemo.co.in/webcms/lib/classes/class.html2text.php on line 424
[12-Dec-2015 15:57:07 Asia/Kolkata] PHP Warning:  Cannot modify header information - headers already sent by (output started at /home/ftpappdemo/appdemo.co.in/webcms/lib/phpmailer/class.phpmailer.php:586) in /home/ftpappdemo/appdemo.co.in/webcms/lib/functions.php on line 554
[12-Dec-2015 15:57:47 Asia/Kolkata] PHP Deprecated:  preg_replace(): The /e modifier is deprecated, use preg_replace_callback instead in /home/ftpappdemo/appdemo.co.in/webcms/lib/classes/class.html2text.php on line 424
[12-Dec-2015 15:57:47 Asia/Kolkata] PHP Deprecated:  preg_replace(): The /e modifier is deprecated, use preg_replace_callback instead in /home/ftpappdemo/appdemo.co.in/webcms/lib/classes/class.html2text.php on line 424
[12-Dec-2015 15:57:47 Asia/Kolkata] PHP Deprecated:  preg_replace(): The /e modifier is deprecated, use preg_replace_callback instead in /home/ftpappdemo/appdemo.co.in/webcms/lib/classes/class.html2text.php on line 424
[12-Dec-2015 15:57:47 Asia/Kolkata] PHP Deprecated:  preg_replace(): The /e modifier is deprecated, use preg_replace_callback instead in /home/ftpappdemo/appdemo.co.in/webcms/lib/classes/class.html2text.php on line 424
[12-Dec-2015 15:57:47 Asia/Kolkata] PHP Deprecated:  preg_replace(): The /e modifier is deprecated, use preg_replace_callback instead in /home/ftpappdemo/appdemo.co.in/webcms/lib/classes/class.html2text.php on line 424
[12-Dec-2015 15:57:47 Asia/Kolkata] PHP Deprecated:  preg_replace(): The /e modifier is deprecated, use preg_replace_callback instead in /home/ftpappdemo/appdemo.co.in/webcms/lib/classes/class.html2text.php on line 424
[12-Dec-2015 16:42:32 Asia/Kolkata] PHP Deprecated:  preg_replace(): The /e modifier is deprecated, use preg_replace_callback instead in /home/ftpappdemo/appdemo.co.in/webcms/lib/classes/class.html2text.php on line 424
[12-Dec-2015 16:42:32 Asia/Kolkata] PHP Deprecated:  preg_replace(): The /e modifier is deprecated, use preg_replace_callback instead in /home/ftpappdemo/appdemo.co.in/webcms/lib/classes/class.html2text.php on line 424
[12-Dec-2015 16:42:32 Asia/Kolkata] PHP Deprecated:  preg_replace(): The /e modifier is deprecated, use preg_replace_callback instead in /home/ftpappdemo/appdemo.co.in/webcms/lib/classes/class.html2text.php on line 424
[12-Dec-2015 16:42:32 Asia/Kolkata] PHP Deprecated:  preg_replace(): The /e modifier is deprecated, use preg_replace_callback instead in /home/ftpappdemo/appdemo.co.in/webcms/lib/classes/class.html2text.php on line 424
[12-Dec-2015 16:42:32 Asia/Kolkata] PHP Deprecated:  preg_replace(): The /e modifier is deprecated, use preg_replace_callback instead in /home/ftpappdemo/appdemo.co.in/webcms/lib/classes/class.html2text.php on line 424
[12-Dec-2015 16:42:32 Asia/Kolkata] PHP Deprecated:  preg_replace(): The /e modifier is deprecated, use preg_replace_callback instead in /home/ftpappdemo/appdemo.co.in/webcms/lib/classes/class.html2text.php on line 424
[13-Dec-2015 20:36:43 Asia/Kolkata] PHP Notice:  Use of undefined constant SITE_REPRESENT_TITLE - assumed 'SITE_REPRESENT_TITLE' in /home/ftpappdemo/appdemo.co.in/webcms/themes/default/footer.php on line 3
[13-Dec-2015 20:39:57 Asia/Kolkata] PHP Notice:  Use of undefined constant SITE_REPRESENT_TITLE - assumed 'SITE_REPRESENT_TITLE' in /home/ftpappdemo/appdemo.co.in/webcms/themes/default/footer.php on line 3
[13-Dec-2015 20:40:48 Asia/Kolkata] PHP Notice:  Undefined variable: pageDetail in /home/ftpappdemo/appdemo.co.in/webcms/modules/page/theme/default/add.php on line 55
[13-Dec-2015 20:40:48 Asia/Kolkata] PHP Notice:  Use of undefined constant SITE_REPRESENT_TITLE - assumed 'SITE_REPRESENT_TITLE' in /home/ftpappdemo/appdemo.co.in/webcms/themes/default/footer.php on line 3
[13-Dec-2015 20:43:32 Asia/Kolkata] PHP Notice:  Use of undefined constant SITE_REPRESENT_TITLE - assumed 'SITE_REPRESENT_TITLE' in /home/ftpappdemo/appdemo.co.in/webcms/themes/default/footer.php on line 3
[13-Dec-2015 21:05:11 Asia/Kolkata] PHP Notice:  Use of undefined constant SITE_REPRESENT_TITLE - assumed 'SITE_REPRESENT_TITLE' in /home/ftpappdemo/appdemo.co.in/webcms/themes/default/footer.php on line 3
[13-Dec-2015 21:08:27 Asia/Kolkata] PHP Notice:  Use of undefined constant SITE_REPRESENT_TITLE - assumed 'SITE_REPRESENT_TITLE' in /home/ftpappdemo/appdemo.co.in/webcms/themes/default/footer.php on line 3
[18-Dec-2015 00:51:05 Asia/Kolkata] PHP Notice:  Use of undefined constant SITE_REPRESENT_TITLE - assumed 'SITE_REPRESENT_TITLE' in /home/ftpappdemo/appdemo.co.in/webcms/themes/default/footer.php on line 3
[18-Dec-2015 00:51:40 Asia/Kolkata] PHP Notice:  Use of undefined constant SITE_REPRESENT_TITLE - assumed 'SITE_REPRESENT_TITLE' in /home/ftpappdemo/appdemo.co.in/webcms/themes/default/footer.php on line 3
[18-Dec-2015 00:51:59 Asia/Kolkata] PHP Notice:  Use of undefined constant SITE_REPRESENT_TITLE - assumed 'SITE_REPRESENT_TITLE' in /home/ftpappdemo/appdemo.co.in/webcms/themes/default/footer.php on line 3
[18-Dec-2015 00:54:11 Asia/Kolkata] PHP Notice:  Use of undefined constant SITE_REPRESENT_TITLE - assumed 'SITE_REPRESENT_TITLE' in /home/ftpappdemo/appdemo.co.in/webcms/themes/default/footer.php on line 3
[18-Dec-2015 00:54:36 Asia/Kolkata] PHP Notice:  Use of undefined constant SITE_REPRESENT_TITLE - assumed 'SITE_REPRESENT_TITLE' in /home/ftpappdemo/appdemo.co.in/webcms/themes/default/footer.php on line 3
[18-Dec-2015 00:57:24 Asia/Kolkata] PHP Notice:  Use of undefined constant SITE_REPRESENT_TITLE - assumed 'SITE_REPRESENT_TITLE' in /home/ftpappdemo/appdemo.co.in/webcms/themes/default/footer.php on line 3
[18-Dec-2015 01:28:57 Asia/Kolkata] PHP Notice:  Use of undefined constant SITE_REPRESENT_TITLE - assumed 'SITE_REPRESENT_TITLE' in /home/ftpappdemo/appdemo.co.in/webcms/themes/default/footer.php on line 3
[18-Dec-2015 01:29:17 Asia/Kolkata] PHP Notice:  Use of undefined constant SITE_REPRESENT_TITLE - assumed 'SITE_REPRESENT_TITLE' in /home/ftpappdemo/appdemo.co.in/webcms/themes/default/footer.php on line 3
[18-Dec-2015 01:29:58 Asia/Kolkata] PHP Notice:  Use of undefined constant SITE_REPRESENT_TITLE - assumed 'SITE_REPRESENT_TITLE' in /home/ftpappdemo/appdemo.co.in/webcms/themes/default/footer.php on line 3
[18-Dec-2015 01:35:33 Asia/Kolkata] PHP Notice:  Use of undefined constant SITE_REPRESENT_TITLE - assumed 'SITE_REPRESENT_TITLE' in /home/ftpappdemo/appdemo.co.in/webcms/themes/default/footer.php on line 3
[18-Dec-2015 01:35:42 Asia/Kolkata] PHP Fatal error:  Call to a member function fetch() on a non-object in /home/ftpappdemo/appdemo.co.in/webcms/lib/classes/pdo.class.php on line 316
[18-Dec-2015 01:35:42 Asia/Kolkata] PHP Fatal error:  Call to a member function fetch() on a non-object in /home/ftpappdemo/appdemo.co.in/webcms/lib/classes/pdo.class.php on line 316
[18-Dec-2015 01:35:52 Asia/Kolkata] PHP Fatal error:  Call to a member function fetch() on a non-object in /home/ftpappdemo/appdemo.co.in/webcms/lib/classes/pdo.class.php on line 316
[18-Dec-2015 01:45:15 Asia/Kolkata] PHP Fatal error:  Call to a member function fetch() on a non-object in /home/ftpappdemo/appdemo.co.in/webcms/lib/classes/pdo.class.php on line 316
[18-Dec-2015 01:47:54 Asia/Kolkata] PHP Fatal error:  Call to a member function fetch() on a non-object in /home/ftpappdemo/appdemo.co.in/webcms/lib/classes/pdo.class.php on line 316
[18-Dec-2015 01:49:34 Asia/Kolkata] PHP Fatal error:  Call to a member function fetch() on a non-object in /home/ftpappdemo/appdemo.co.in/webcms/lib/classes/pdo.class.php on line 316
[18-Dec-2015 09:31:17 Asia/Kolkata] PHP Fatal error:  Call to a member function fetch() on a non-object in /home/ftpappdemo/appdemo.co.in/webcms/lib/classes/pdo.class.php on line 316
[18-Dec-2015 10:24:39 Asia/Kolkata] PHP Fatal error:  Call to a member function fetch() on a non-object in /home/ftpappdemo/appdemo.co.in/webcms/lib/classes/pdo.class.php on line 316
[18-Dec-2015 10:24:50 Asia/Kolkata] PHP Fatal error:  Call to a member function fetch() on a non-object in /home/ftpappdemo/appdemo.co.in/webcms/lib/classes/pdo.class.php on line 316
[18-Dec-2015 10:24:56 Asia/Kolkata] PHP Fatal error:  Call to a member function fetch() on a non-object in /home/ftpappdemo/appdemo.co.in/webcms/lib/classes/pdo.class.php on line 316
[18-Dec-2015 10:25:04 Asia/Kolkata] PHP Fatal error:  Call to a member function fetch() on a non-object in /home/ftpappdemo/appdemo.co.in/webcms/lib/classes/pdo.class.php on line 316
[18-Dec-2015 10:25:10 Asia/Kolkata] PHP Fatal error:  Call to a member function fetch() on a non-object in /home/ftpappdemo/appdemo.co.in/webcms/lib/classes/pdo.class.php on line 316
[18-Dec-2015 10:25:31 Asia/Kolkata] PHP Fatal error:  Call to a member function fetch() on a non-object in /home/ftpappdemo/appdemo.co.in/webcms/lib/classes/pdo.class.php on line 316
[18-Dec-2015 12:18:24 Asia/Kolkata] PHP Fatal error:  Call to a member function fetch() on a non-object in /home/ftpappdemo/appdemo.co.in/webcms/lib/classes/pdo.class.php on line 316
[18-Dec-2015 12:21:04 Asia/Kolkata] PHP Fatal error:  Call to a member function fetch() on a non-object in /home/ftpappdemo/appdemo.co.in/webcms/lib/classes/pdo.class.php on line 316
[18-Dec-2015 14:44:07 Asia/Kolkata] PHP Fatal error:  Call to a member function fetch() on a non-object in /home/ftpappdemo/appdemo.co.in/webcms/lib/classes/pdo.class.php on line 316
[18-Dec-2015 15:43:13 Asia/Kolkata] PHP Fatal error:  Call to a member function fetch() on a non-object in /home/ftpappdemo/appdemo.co.in/webcms/lib/classes/pdo.class.php on line 316
[18-Dec-2015 15:43:18 Asia/Kolkata] PHP Fatal error:  Call to a member function fetch() on a non-object in /home/ftpappdemo/appdemo.co.in/webcms/lib/classes/pdo.class.php on line 316
[18-Dec-2015 15:44:41 Asia/Kolkata] PHP Fatal error:  Call to a member function fetch() on a non-object in /home/ftpappdemo/appdemo.co.in/webcms/lib/classes/pdo.class.php on line 316
[18-Dec-2015 15:44:46 Asia/Kolkata] PHP Fatal error:  Call to a member function fetch() on a non-object in /home/ftpappdemo/appdemo.co.in/webcms/lib/classes/pdo.class.php on line 316
[18-Dec-2015 16:52:53 Asia/Kolkata] PHP Fatal error:  Call to a member function fetch() on a non-object in /home/ftpappdemo/appdemo.co.in/webcms/lib/classes/pdo.class.php on line 316
[18-Dec-2015 20:56:33 Asia/Kolkata] PHP Fatal error:  Call to a member function fetch() on a non-object in /home/ftpappdemo/appdemo.co.in/webcms/lib/classes/pdo.class.php on line 316
[18-Dec-2015 20:56:41 Asia/Kolkata] PHP Fatal error:  Call to a member function fetch() on a non-object in /home/ftpappdemo/appdemo.co.in/webcms/lib/classes/pdo.class.php on line 316
[18-Dec-2015 21:48:37 Asia/Kolkata] PHP Fatal error:  Call to a member function fetch() on a non-object in /home/ftpappdemo/appdemo.co.in/webcms/lib/classes/pdo.class.php on line 316
[18-Dec-2015 21:48:59 Asia/Kolkata] PHP Fatal error:  Call to a member function fetch() on a non-object in /home/ftpappdemo/appdemo.co.in/webcms/lib/classes/pdo.class.php on line 316
[19-Dec-2015 22:28:26 Asia/Kolkata] PHP Notice:  Use of undefined constant SITE_REPRESENT_TITLE - assumed 'SITE_REPRESENT_TITLE' in /home/ftpappdemo/appdemo.co.in/webcms/themes/default/footer.php on line 3
[19-Dec-2015 22:29:19 Asia/Kolkata] PHP Notice:  Use of undefined constant SITE_REPRESENT_TITLE - assumed 'SITE_REPRESENT_TITLE' in /home/ftpappdemo/appdemo.co.in/webcms/themes/default/footer.php on line 3
[19-Dec-2015 22:31:25 Asia/Kolkata] PHP Notice:  Use of undefined constant SITE_REPRESENT_TITLE - assumed 'SITE_REPRESENT_TITLE' in /home/ftpappdemo/appdemo.co.in/webcms/themes/default/footer.php on line 3
[19-Dec-2015 22:36:30 Asia/Kolkata] PHP Notice:  Use of undefined constant SITE_REPRESENT_TITLE - assumed 'SITE_REPRESENT_TITLE' in /home/ftpappdemo/appdemo.co.in/webcms/themes/default/footer.php on line 3
[19-Dec-2015 22:38:35 Asia/Kolkata] PHP Notice:  Undefined variable: pageDetail in /home/ftpappdemo/appdemo.co.in/webcms/modules/page/theme/default/add.php on line 55
[19-Dec-2015 22:38:35 Asia/Kolkata] PHP Notice:  Use of undefined constant SITE_REPRESENT_TITLE - assumed 'SITE_REPRESENT_TITLE' in /home/ftpappdemo/appdemo.co.in/webcms/themes/default/footer.php on line 3
[19-Dec-2015 22:42:39 Asia/Kolkata] PHP Notice:  Use of undefined constant SITE_REPRESENT_TITLE - assumed 'SITE_REPRESENT_TITLE' in /home/ftpappdemo/appdemo.co.in/webcms/themes/default/footer.php on line 3
[19-Dec-2015 22:47:18 Asia/Kolkata] PHP Notice:  Use of undefined constant SITE_REPRESENT_TITLE - assumed 'SITE_REPRESENT_TITLE' in /home/ftpappdemo/appdemo.co.in/webcms/themes/default/footer.php on line 3
[19-Dec-2015 22:53:10 Asia/Kolkata] PHP Notice:  Use of undefined constant SITE_REPRESENT_TITLE - assumed 'SITE_REPRESENT_TITLE' in /home/ftpappdemo/appdemo.co.in/webcms/themes/default/footer.php on line 3
[19-Dec-2015 22:55:03 Asia/Kolkata] PHP Notice:  Use of undefined constant SITE_REPRESENT_TITLE - assumed 'SITE_REPRESENT_TITLE' in /home/ftpappdemo/appdemo.co.in/webcms/themes/default/footer.php on line 3
[19-Dec-2015 22:57:56 Asia/Kolkata] PHP Notice:  Use of undefined constant SITE_REPRESENT_TITLE - assumed 'SITE_REPRESENT_TITLE' in /home/ftpappdemo/appdemo.co.in/webcms/themes/default/footer.php on line 3
[19-Dec-2015 22:59:39 Asia/Kolkata] PHP Notice:  Use of undefined constant SITE_REPRESENT_TITLE - assumed 'SITE_REPRESENT_TITLE' in /home/ftpappdemo/appdemo.co.in/webcms/themes/default/footer.php on line 3
[19-Dec-2015 23:01:49 Asia/Kolkata] PHP Notice:  Use of undefined constant SITE_REPRESENT_TITLE - assumed 'SITE_REPRESENT_TITLE' in /home/ftpappdemo/appdemo.co.in/webcms/themes/default/footer.php on line 3
[19-Dec-2015 23:03:26 Asia/Kolkata] PHP Notice:  Undefined variable: pageDetail in /home/ftpappdemo/appdemo.co.in/webcms/modules/page/theme/default/add.php on line 55
[19-Dec-2015 23:03:26 Asia/Kolkata] PHP Notice:  Use of undefined constant SITE_REPRESENT_TITLE - assumed 'SITE_REPRESENT_TITLE' in /home/ftpappdemo/appdemo.co.in/webcms/themes/default/footer.php on line 3
[19-Dec-2015 23:06:28 Asia/Kolkata] PHP Notice:  Use of undefined constant SITE_REPRESENT_TITLE - assumed 'SITE_REPRESENT_TITLE' in /home/ftpappdemo/appdemo.co.in/webcms/themes/default/footer.php on line 3
[19-Dec-2015 23:07:35 Asia/Kolkata] PHP Notice:  Use of undefined constant SITE_REPRESENT_TITLE - assumed 'SITE_REPRESENT_TITLE' in /home/ftpappdemo/appdemo.co.in/webcms/themes/default/footer.php on line 3
[19-Dec-2015 23:11:08 Asia/Kolkata] PHP Notice:  Use of undefined constant SITE_REPRESENT_TITLE - assumed 'SITE_REPRESENT_TITLE' in /home/ftpappdemo/appdemo.co.in/webcms/themes/default/footer.php on line 3
[19-Dec-2015 23:11:52 Asia/Kolkata] PHP Notice:  Use of undefined constant SITE_REPRESENT_TITLE - assumed 'SITE_REPRESENT_TITLE' in /home/ftpappdemo/appdemo.co.in/webcms/themes/default/footer.php on line 3
[19-Dec-2015 23:12:42 Asia/Kolkata] PHP Notice:  Use of undefined constant SITE_REPRESENT_TITLE - assumed 'SITE_REPRESENT_TITLE' in /home/ftpappdemo/appdemo.co.in/webcms/themes/default/footer.php on line 3
[19-Dec-2015 23:14:03 Asia/Kolkata] PHP Notice:  Use of undefined constant SITE_REPRESENT_TITLE - assumed 'SITE_REPRESENT_TITLE' in /home/ftpappdemo/appdemo.co.in/webcms/themes/default/footer.php on line 3
[19-Dec-2015 23:16:27 Asia/Kolkata] PHP Notice:  Use of undefined constant SITE_REPRESENT_TITLE - assumed 'SITE_REPRESENT_TITLE' in /home/ftpappdemo/appdemo.co.in/webcms/themes/default/footer.php on line 3
[19-Dec-2015 23:19:34 Asia/Kolkata] PHP Notice:  Use of undefined constant SITE_REPRESENT_TITLE - assumed 'SITE_REPRESENT_TITLE' in /home/ftpappdemo/appdemo.co.in/webcms/themes/default/footer.php on line 3
[19-Dec-2015 23:20:17 Asia/Kolkata] PHP Notice:  Use of undefined constant SITE_REPRESENT_TITLE - assumed 'SITE_REPRESENT_TITLE' in /home/ftpappdemo/appdemo.co.in/webcms/themes/default/footer.php on line 3
[19-Dec-2015 23:21:15 Asia/Kolkata] PHP Notice:  Use of undefined constant SITE_REPRESENT_TITLE - assumed 'SITE_REPRESENT_TITLE' in /home/ftpappdemo/appdemo.co.in/webcms/themes/default/footer.php on line 3
[19-Dec-2015 23:23:59 Asia/Kolkata] PHP Notice:  Use of undefined constant SITE_REPRESENT_TITLE - assumed 'SITE_REPRESENT_TITLE' in /home/ftpappdemo/appdemo.co.in/webcms/themes/default/footer.php on line 3
